FachadaProyectoCuentasWS>>TESTNODE_Cubillos>>default>>0>>1625110662921
2871<<Administration Result<<2021-06-30 22:37:48.926 COT<<DESKTOP-V7K6R5U\Cubillos<<deploy<<C:/Users/Cubillos/IBM/IIBT10/workspace/Nueva carpeta/GeneratedBarFiles/FachadaProyectoCuentasWSproject.generated.bar<<BAR<<default<<ExecutionGroup<<COMPLETE
Cliente_GetAll>>TESTNODE_Cubillos>>default>>0>>1625192717978
2871<<Administration Result<<2021-07-01 21:25:20.895 COT<<DESKTOP-V7K6R5U\Cubillos<<deploy<<C:/Users/Cubillos/IBM/IIBT10/workspace/Nueva carpeta/GeneratedBarFiles/Cliente_GetAllproject.generated.bar<<BAR<<default<<ExecutionGroup<<COMPLETE
FachadaProyectoBancoWS>>TESTNODE_Cubillos>>default>>0>>1625192728081
2871<<Administration Result<<2021-07-01 21:25:30.747 COT<<DESKTOP-V7K6R5U\Cubillos<<deploy<<C:/Users/Cubillos/IBM/IIBT10/workspace/Nueva carpeta/GeneratedBarFiles/FachadaProyectoBancoWSproject.generated.bar<<BAR<<default<<ExecutionGroup<<COMPLETE
FachadaProyectoBancoWS>>TESTNODE_Cubillos>>default>>0>>1625194220387
2871<<Administration Result<<2021-07-01 21:50:27.114 COT<<DESKTOP-V7K6R5U\Cubillos<<deploy<<C:/Users/Cubillos/IBM/IIBT10/workspace/Nueva carpeta/GeneratedBarFiles/FachadaProyectoBancoWSproject.generated.bar<<BAR<<default<<ExecutionGroup<<COMPLETE
FachadaProyectoBancoWS>>TESTNODE_Cubillos>>default>>0>>1625231393380
2871<<Administration Result<<2021-07-02 08:09:57.910 COT<<DESKTOP-V7K6R5U\Cubillos<<deploy<<C:/Users/Cubillos/IBM/IIBT10/workspace/Nueva carpeta/GeneratedBarFiles/FachadaProyectoBancoWSproject.generated.bar<<BAR<<default<<ExecutionGroup<<COMPLETE
Cliente_GetAll>>TESTNODE_Cubillos>>default>>0>>1625231401523
2871<<Administration Result<<2021-07-02 08:10:02.227 COT<<DESKTOP-V7K6R5U\Cubillos<<deploy<<C:/Users/Cubillos/IBM/IIBT10/workspace/Nueva carpeta/GeneratedBarFiles/Cliente_GetAllproject.generated.bar<<BAR<<default<<ExecutionGroup<<COMPLETE
Cliente_GetAll>>TESTNODE_Cubillos>>default>>0>>1625321045879
2871<<Administration Result<<2021-07-03 09:04:07.087 COT<<DESKTOP-V7K6R5U\Cubillos<<deploy<<C:/Users/Cubillos/IBM/IIBT10/workspace/Nueva carpeta/GeneratedBarFiles/Cliente_GetAllproject.generated.bar<<BAR<<default<<ExecutionGroup<<COMPLETE
Cuenta_GetAllByIdCliente>>TESTNODE_Cubillos>>default>>0>>1625321056136
2871<<Administration Result<<2021-07-03 09:04:16.612 COT<<DESKTOP-V7K6R5U\Cubillos<<deploy<<C:/Users/Cubillos/IBM/IIBT10/workspace/Nueva carpeta/GeneratedBarFiles/Cuenta_GetAllByIdClienteproject.generated.bar<<BAR<<default<<ExecutionGroup<<COMPLETE
FachadaProyectoBancoWS>>TESTNODE_Cubillos>>default>>0>>1625321065152
2871<<Administration Result<<2021-07-03 09:04:30.070 COT<<DESKTOP-V7K6R5U\Cubillos<<deploy<<C:/Users/Cubillos/IBM/IIBT10/workspace/Nueva carpeta/GeneratedBarFiles/FachadaProyectoBancoWSproject.generated.bar<<BAR<<default<<ExecutionGroup<<COMPLETE
FachadaProyectoBancoWS>>TESTNODE_Cubillos>>default>>0>>1625321396414
2871<<Administration Result<<2021-07-03 09:11:28.155 COT<<DESKTOP-V7K6R5U\Cubillos<<deploy<<C:/Users/Cubillos/IBM/IIBT10/workspace/Nueva carpeta/GeneratedBarFiles/FachadaProyectoBancoWSproject.generated.bar<<BAR<<default<<ExecutionGroup<<COMPLETE
Cliente_GetAll>>TESTNODE_Cubillos>>default>>0>>1625322403477
2871<<Administration Result<<2021-07-03 09:26:46.387 COT<<DESKTOP-V7K6R5U\Cubillos<<deploy<<C:/Users/Cubillos/IBM/IIBT10/workspace/Nueva carpeta/GeneratedBarFiles/Cliente_GetAllproject.generated.bar<<BAR<<default<<ExecutionGroup<<COMPLETE
Cuenta_GetAllByIdCliente>>TESTNODE_Cubillos>>default>>0>>1625322410825
2871<<Administration Result<<2021-07-03 09:26:51.334 COT<<DESKTOP-V7K6R5U\Cubillos<<deploy<<C:/Users/Cubillos/IBM/IIBT10/workspace/Nueva carpeta/GeneratedBarFiles/Cuenta_GetAllByIdClienteproject.generated.bar<<BAR<<default<<ExecutionGroup<<COMPLETE
FachadaProyectoBancoWS>>TESTNODE_Cubillos>>default>>0>>1625322421712
2871<<Administration Result<<2021-07-03 09:27:05.602 COT<<DESKTOP-V7K6R5U\Cubillos<<deploy<<C:/Users/Cubillos/IBM/IIBT10/workspace/Nueva carpeta/GeneratedBarFiles/FachadaProyectoBancoWSproject.generated.bar<<BAR<<default<<ExecutionGroup<<COMPLETE
Cliente_GetAll>>TESTNODE_Cubillos>>default>>0>>1625331351745
2871<<Administration Result<<2021-07-03 11:55:59.915 COT<<DESKTOP-V7K6R5U\Cubillos<<deploy<<C:/Users/Cubillos/IBM/IIBT10/workspace/Nueva carpeta/GeneratedBarFiles/Cliente_GetAllproject.generated.bar<<BAR<<default<<ExecutionGroup<<COMPLETE
Cuenta_GetAllByIdCliente>>TESTNODE_Cubillos>>default>>0>>1625331365517
2871<<Administration Result<<2021-07-03 11:56:06.003 COT<<DESKTOP-V7K6R5U\Cubillos<<deploy<<C:/Users/Cubillos/IBM/IIBT10/workspace/Nueva carpeta/GeneratedBarFiles/Cuenta_GetAllByIdClienteproject.generated.bar<<BAR<<default<<ExecutionGroup<<COMPLETE
FachadaProyectoBancoWS>>TESTNODE_Cubillos>>default>>0>>1625331371585
2871<<Administration Result<<2021-07-03 11:56:15.513 COT<<DESKTOP-V7K6R5U\Cubillos<<deploy<<C:/Users/Cubillos/IBM/IIBT10/workspace/Nueva carpeta/GeneratedBarFiles/FachadaProyectoBancoWSproject.generated.bar<<BAR<<default<<ExecutionGroup<<COMPLETE
FachadaProyectoBancoWS>>TESTNODE_Cubillos>>default>>0>>1625332273030
2871<<Administration Result<<2021-07-03 12:11:15.845 COT<<DESKTOP-V7K6R5U\Cubillos<<deploy<<C:/Users/Cubillos/IBM/IIBT10/workspace/Nueva carpeta/GeneratedBarFiles/FachadaProyectoBancoWSproject.generated.bar<<BAR<<default<<ExecutionGroup<<COMPLETE
Cliente_GetAll>>TESTNODE_Cubillos>>default>>0>>1625332283846
2871<<Administration Result<<2021-07-03 12:11:25.190 COT<<DESKTOP-V7K6R5U\Cubillos<<deploy<<C:/Users/Cubillos/IBM/IIBT10/workspace/Nueva carpeta/GeneratedBarFiles/Cliente_GetAllproject.generated.bar<<BAR<<default<<ExecutionGroup<<COMPLETE
Cuenta_GetAllByIdCliente>>TESTNODE_Cubillos>>default>>0>>1625332288363
2871<<Administration Result<<2021-07-03 12:11:29.354 COT<<DESKTOP-V7K6R5U\Cubillos<<deploy<<C:/Users/Cubillos/IBM/IIBT10/workspace/Nueva carpeta/GeneratedBarFiles/Cuenta_GetAllByIdClienteproject.generated.bar<<BAR<<default<<ExecutionGroup<<COMPLETE
Cliente_GetAll>>TESTNODE_Cubillos>>default>>0>>1625332558939
2871<<Administration Result<<2021-07-03 12:16:03.067 COT<<DESKTOP-V7K6R5U\Cubillos<<deploy<<C:/Users/Cubillos/IBM/IIBT10/workspace/Nueva carpeta/GeneratedBarFiles/Cliente_GetAllproject.generated.bar<<BAR<<default<<ExecutionGroup<<COMPLETE
Cuenta_GetAllByIdCliente>>TESTNODE_Cubillos>>default>>0>>1625332569988
2871<<Administration Result<<2021-07-03 12:16:11.178 COT<<DESKTOP-V7K6R5U\Cubillos<<deploy<<C:/Users/Cubillos/IBM/IIBT10/workspace/Nueva carpeta/GeneratedBarFiles/Cuenta_GetAllByIdClienteproject.generated.bar<<BAR<<default<<ExecutionGroup<<COMPLETE
FachadaProyectoBancoWS>>TESTNODE_Cubillos>>default>>0>>1625332574753
2871<<Administration Result<<2021-07-03 12:16:18.645 COT<<DESKTOP-V7K6R5U\Cubillos<<deploy<<C:/Users/Cubillos/IBM/IIBT10/workspace/Nueva carpeta/GeneratedBarFiles/FachadaProyectoBancoWSproject.generated.bar<<BAR<<default<<ExecutionGroup<<COMPLETE
Cliente_GetAll>>TESTNODE_Cubillos>>default>>0>>1625350187496
2871<<Administration Result<<2021-07-03 17:09:51.313 COT<<DESKTOP-V7K6R5U\Cubillos<<deploy<<C:/Users/Cubillos/IBM/IIBT10/workspace/Nueva carpeta/GeneratedBarFiles/Cliente_GetAllproject.generated.bar<<BAR<<default<<ExecutionGroup<<COMPLETE
Cuenta_GetAllByIdCliente>>TESTNODE_Cubillos>>default>>0>>1625350197268
2871<<Administration Result<<2021-07-03 17:09:58.345 COT<<DESKTOP-V7K6R5U\Cubillos<<deploy<<C:/Users/Cubillos/IBM/IIBT10/workspace/Nueva carpeta/GeneratedBarFiles/Cuenta_GetAllByIdClienteproject.generated.bar<<BAR<<default<<ExecutionGroup<<COMPLETE
FachadaProyectoBancoWS>>TESTNODE_Cubillos>>default>>0>>1625350208577
2871<<Administration Result<<2021-07-03 17:10:15.809 COT<<DESKTOP-V7K6R5U\Cubillos<<deploy<<C:/Users/Cubillos/IBM/IIBT10/workspace/Nueva carpeta/GeneratedBarFiles/FachadaProyectoBancoWSproject.generated.bar<<BAR<<default<<ExecutionGroup<<COMPLETE
Cliente_GetAll>>TESTNODE_Cubillos>>default>>0>>1625351250784
2871<<Administration Result<<2021-07-03 17:27:31.921 COT<<DESKTOP-V7K6R5U\Cubillos<<deploy<<C:/Users/Cubillos/IBM/IIBT10/workspace/Nueva carpeta/GeneratedBarFiles/Cliente_GetAllproject.generated.bar<<BAR<<default<<ExecutionGroup<<COMPLETE
Cuenta_GetAllByIdCliente>>TESTNODE_Cubillos>>default>>0>>1625351258728
2871<<Administration Result<<2021-07-03 17:27:40.035 COT<<DESKTOP-V7K6R5U\Cubillos<<deploy<<C:/Users/Cubillos/IBM/IIBT10/workspace/Nueva carpeta/GeneratedBarFiles/Cuenta_GetAllByIdClienteproject.generated.bar<<BAR<<default<<ExecutionGroup<<COMPLETE
FachadaProyectoBancoWS>>TESTNODE_Cubillos>>default>>0>>1625351265887
2871<<Administration Result<<2021-07-03 17:27:50.096 COT<<DESKTOP-V7K6R5U\Cubillos<<deploy<<C:/Users/Cubillos/IBM/IIBT10/workspace/Nueva carpeta/GeneratedBarFiles/FachadaProyectoBancoWSproject.generated.bar<<BAR<<default<<ExecutionGroup<<COMPLETE
Cliente_GetAll>>TESTNODE_Cubillos>>default>>0>>1625353100236
2871<<Administration Result<<2021-07-03 17:58:23.464 COT<<DESKTOP-V7K6R5U\Cubillos<<deploy<<C:/Users/Cubillos/IBM/IIBT10/workspace/Nueva carpeta/GeneratedBarFiles/Cliente_GetAllproject.generated.bar<<BAR<<default<<ExecutionGroup<<COMPLETE
Cuenta_GetAllByIdCliente>>TESTNODE_Cubillos>>default>>0>>1625353107592
2871<<Administration Result<<2021-07-03 17:58:28.618 COT<<DESKTOP-V7K6R5U\Cubillos<<deploy<<C:/Users/Cubillos/IBM/IIBT10/workspace/Nueva carpeta/GeneratedBarFiles/Cuenta_GetAllByIdClienteproject.generated.bar<<BAR<<default<<ExecutionGroup<<COMPLETE
FachadaProyectoBancoWS>>TESTNODE_Cubillos>>default>>0>>1625353112570
2871<<Administration Result<<2021-07-03 17:58:36.542 COT<<DESKTOP-V7K6R5U\Cubillos<<deploy<<C:/Users/Cubillos/IBM/IIBT10/workspace/Nueva carpeta/GeneratedBarFiles/FachadaProyectoBancoWSproject.generated.bar<<BAR<<default<<ExecutionGroup<<COMPLETE
Cliente_GetAll>>TESTNODE_Cubillos>>default>>0>>1625353202452
2871<<Administration Result<<2021-07-03 18:00:03.600 COT<<DESKTOP-V7K6R5U\Cubillos<<deploy<<C:/Users/Cubillos/IBM/IIBT10/workspace/Nueva carpeta/GeneratedBarFiles/Cliente_GetAllproject.generated.bar<<BAR<<default<<ExecutionGroup<<COMPLETE
Cliente_GetAll>>TESTNODE_Cubillos>>default>>0>>1625353249740
2871<<Administration Result<<2021-07-03 18:00:50.205 COT<<DESKTOP-V7K6R5U\Cubillos<<deploy<<C:/Users/Cubillos/IBM/IIBT10/workspace/Nueva carpeta/GeneratedBarFiles/Cliente_GetAllproject.generated.bar<<BAR<<default<<ExecutionGroup<<COMPLETE
Cliente_GetAll>>TESTNODE_Cubillos>>default>>0>>1625358528939
2871<<Administration Result<<2021-07-03 19:28:50.419 COT<<DESKTOP-V7K6R5U\Cubillos<<deploy<<C:/Users/Cubillos/IBM/IIBT10/workspace/Nueva carpeta/GeneratedBarFiles/Cliente_GetAllproject.generated.bar<<BAR<<default<<ExecutionGroup<<COMPLETE
Cuenta_GetAllByIdCliente>>TESTNODE_Cubillos>>default>>0>>1625358534416
2871<<Administration Result<<2021-07-03 19:28:55.223 COT<<DESKTOP-V7K6R5U\Cubillos<<deploy<<C:/Users/Cubillos/IBM/IIBT10/workspace/Nueva carpeta/GeneratedBarFiles/Cuenta_GetAllByIdClienteproject.generated.bar<<BAR<<default<<ExecutionGroup<<COMPLETE
FachadaProyectoBancoWS>>TESTNODE_Cubillos>>default>>0>>1625358538610
2871<<Administration Result<<2021-07-03 19:29:04.949 COT<<DESKTOP-V7K6R5U\Cubillos<<deploy<<C:/Users/Cubillos/IBM/IIBT10/workspace/Nueva carpeta/GeneratedBarFiles/FachadaProyectoBancoWSproject.generated.bar<<BAR<<default<<ExecutionGroup<<COMPLETE
Cuenta_GetAllByIdCliente>>TESTNODE_Cubillos>>default>>0>>1625358733889
2871<<Administration Result<<2021-07-03 19:32:14.459 COT<<DESKTOP-V7K6R5U\Cubillos<<deploy<<C:/Users/Cubillos/IBM/IIBT10/workspace/Nueva carpeta/GeneratedBarFiles/Cuenta_GetAllByIdClienteproject.generated.bar<<BAR<<default<<ExecutionGroup<<COMPLETE
Cuenta_GetAllByIdCliente>>TESTNODE_Cubillos>>default>>0>>1625364147137
2871<<Administration Result<<2021-07-03 21:03:04.229 COT<<DESKTOP-V7K6R5U\Cubillos<<deploy<<C:/Users/Cubillos/IBM/IIBT10/workspace/Nueva carpeta/GeneratedBarFiles/Cuenta_GetAllByIdClienteproject.generated.bar<<BAR<<default<<ExecutionGroup<<COMPLETE
FachadaProyectoBancoWS>>TESTNODE_Cubillos>>default>>0>>1625364200300
2871<<Administration Result<<2021-07-03 21:03:26.099 COT<<DESKTOP-V7K6R5U\Cubillos<<deploy<<C:/Users/Cubillos/IBM/IIBT10/workspace/Nueva carpeta/GeneratedBarFiles/FachadaProyectoBancoWSproject.generated.bar<<BAR<<default<<ExecutionGroup<<COMPLETE
Cuenta_GetAllByIdCliente>>TESTNODE_Cubillos>>default>>0>>1625364209939
2871<<Administration Result<<2021-07-03 21:03:30.705 COT<<DESKTOP-V7K6R5U\Cubillos<<deploy<<C:/Users/Cubillos/IBM/IIBT10/workspace/Nueva carpeta/GeneratedBarFiles/Cuenta_GetAllByIdClienteproject.generated.bar<<BAR<<default<<ExecutionGroup<<COMPLETE
Cliente_GetAll>>TESTNODE_Cubillos>>default>>0>>1625364217219
2871<<Administration Result<<2021-07-03 21:03:38.511 COT<<DESKTOP-V7K6R5U\Cubillos<<deploy<<C:/Users/Cubillos/IBM/IIBT10/workspace/Nueva carpeta/GeneratedBarFiles/Cliente_GetAllproject.generated.bar<<BAR<<default<<ExecutionGroup<<COMPLETE
FachadaProyectoBancoREST>>TESTNODE_Cubillos>>default>>0>>1625404907270
2871<<Administration Result<<2021-07-04 08:21:50.068 COT<<DESKTOP-V7K6R5U\Cubillos<<deploy<<C:/Users/Cubillos/IBM/IIBT10/workspace/Nueva carpeta/GeneratedBarFiles/FachadaProyectoBancoRESTproject.generated.bar<<BAR<<default<<ExecutionGroup<<COMPLETE
FachadaProyectoBancoREST>>TESTNODE_Cubillos>>default>>0>>1625407420752
2871<<Administration Result<<2021-07-04 09:03:44.893 COT<<DESKTOP-V7K6R5U\Cubillos<<deploy<<C:/Users/Cubillos/IBM/IIBT10/workspace/Nueva carpeta/GeneratedBarFiles/FachadaProyectoBancoRESTproject.generated.bar<<BAR<<default<<ExecutionGroup<<COMPLETE
FachadaProyectoBancoREST>>TESTNODE_Cubillos>>default>>0>>1625416347265
2871<<Administration Result<<2021-07-04 11:32:32.488 COT<<DESKTOP-V7K6R5U\Cubillos<<deploy<<C:/Users/Cubillos/IBM/IIBT10/workspace/Nueva carpeta/GeneratedBarFiles/FachadaProyectoBancoRESTproject.generated.bar<<BAR<<default<<ExecutionGroup<<COMPLETE
Cliente_GetAll>>TESTNODE_Cubillos>>default>>0>>1625416689278
2871<<Administration Result<<2021-07-04 11:38:09.720 COT<<DESKTOP-V7K6R5U\Cubillos<<deploy<<C:/Users/Cubillos/IBM/IIBT10/workspace/Nueva carpeta/GeneratedBarFiles/Cliente_GetAllproject.generated.bar<<BAR<<default<<ExecutionGroup<<COMPLETE
Cuenta_GetAllByIdCliente>>TESTNODE_Cubillos>>default>>0>>1625416698348
2871<<Administration Result<<2021-07-04 11:38:18.754 COT<<DESKTOP-V7K6R5U\Cubillos<<deploy<<C:/Users/Cubillos/IBM/IIBT10/workspace/Nueva carpeta/GeneratedBarFiles/Cuenta_GetAllByIdClienteproject.generated.bar<<BAR<<default<<ExecutionGroup<<COMPLETE
FachadaProyectoBancoWS>>TESTNODE_Cubillos>>default>>0>>1625416704638
2871<<Administration Result<<2021-07-04 11:38:27.129 COT<<DESKTOP-V7K6R5U\Cubillos<<deploy<<C:/Users/Cubillos/IBM/IIBT10/workspace/Nueva carpeta/GeneratedBarFiles/FachadaProyectoBancoWSproject.generated.bar<<BAR<<default<<ExecutionGroup<<COMPLETE
FachadaProyectoBancoREST>>TESTNODE_Cubillos>>FachadaWS>>0>>1625416731602
2871<<Administration Result<<2021-07-04 11:38:53.402 COT<<DESKTOP-V7K6R5U\Cubillos<<deploy<<C:/Users/Cubillos/IBM/IIBT10/workspace/Nueva carpeta/GeneratedBarFiles/FachadaProyectoBancoRESTproject.generated.bar<<BAR<<FachadaWS<<ExecutionGroup<<COMPLETE
FachadaProyectoBancoREST>>TESTNODE_Cubillos>>FachadaWS>>0>>1625416985270
2871<<Administration Result<<2021-07-04 11:43:10.740 COT<<DESKTOP-V7K6R5U\Cubillos<<deploy<<C:/Users/Cubillos/IBM/IIBT10/workspace/Nueva carpeta/GeneratedBarFiles/FachadaProyectoBancoRESTproject.generated.bar<<BAR<<FachadaWS<<ExecutionGroup<<COMPLETE
FachadaProyectoBancoREST>>TESTNODE_Cubillos>>default>>0>>1625417542476
2871<<Administration Result<<2021-07-04 11:52:23.902 COT<<DESKTOP-V7K6R5U\Cubillos<<deploy<<C:/Users/Cubillos/IBM/IIBT10/workspace/Nueva carpeta/GeneratedBarFiles/FachadaProyectoBancoRESTproject.generated.bar<<BAR<<default<<ExecutionGroup<<COMPLETE
Cliente_GetAll>>TESTNODE_Cubillos>>default>>0>>1625483810145
2871<<Administration Result<<2021-07-05 06:16:53.627 COT<<DESKTOP-V7K6R5U\Cubillos<<deploy<<C:/Users/Cubillos/IBM/IIBT10/workspace/Nueva carpeta/GeneratedBarFiles/Cliente_GetAllproject.generated.bar<<BAR<<default<<ExecutionGroup<<COMPLETE
Cuenta_GetAllByIdCliente>>TESTNODE_Cubillos>>default>>0>>1625483820119
2871<<Administration Result<<2021-07-05 06:17:00.607 COT<<DESKTOP-V7K6R5U\Cubillos<<deploy<<C:/Users/Cubillos/IBM/IIBT10/workspace/Nueva carpeta/GeneratedBarFiles/Cuenta_GetAllByIdClienteproject.generated.bar<<BAR<<default<<ExecutionGroup<<COMPLETE
FachadaProyectoBancoREST>>TESTNODE_Cubillos>>default>>0>>1625483824418
2871<<Administration Result<<2021-07-05 06:17:10.504 COT<<DESKTOP-V7K6R5U\Cubillos<<deploy<<C:/Users/Cubillos/IBM/IIBT10/workspace/Nueva carpeta/GeneratedBarFiles/FachadaProyectoBancoRESTproject.generated.bar<<BAR<<default<<ExecutionGroup<<COMPLETE
FachadaProyectoBancoWS>>TESTNODE_Cubillos>>default>>0>>1625483835096
2871<<Administration Result<<2021-07-05 06:17:20.429 COT<<DESKTOP-V7K6R5U\Cubillos<<deploy<<C:/Users/Cubillos/IBM/IIBT10/workspace/Nueva carpeta/GeneratedBarFiles/FachadaProyectoBancoWSproject.generated.bar<<BAR<<default<<ExecutionGroup<<COMPLETE
Cliente_GetAll>>TESTNODE_Cubillos>>default>>0>>1625484655086
2871<<Administration Result<<2021-07-05 06:30:56.314 COT<<DESKTOP-V7K6R5U\Cubillos<<deploy<<C:/Users/Cubillos/IBM/IIBT10/workspace/Nueva carpeta/GeneratedBarFiles/Cliente_GetAllproject.generated.bar<<BAR<<default<<ExecutionGroup<<COMPLETE
Cliente_GetAll>>TESTNODE_Cubillos>>default>>0>>1625495757893
2871<<Administration Result<<2021-07-05 09:36:00.157 COT<<DESKTOP-V7K6R5U\Cubillos<<deploy<<C:/Users/Cubillos/IBM/IIBT10/workspace/Nueva carpeta/GeneratedBarFiles/Cliente_GetAllproject.generated.bar<<BAR<<default<<ExecutionGroup<<COMPLETE
Cuenta_GetAllByIdCliente>>TESTNODE_Cubillos>>default>>0>>1625495766813
2871<<Administration Result<<2021-07-05 09:36:08.200 COT<<DESKTOP-V7K6R5U\Cubillos<<deploy<<C:/Users/Cubillos/IBM/IIBT10/workspace/Nueva carpeta/GeneratedBarFiles/Cuenta_GetAllByIdClienteproject.generated.bar<<BAR<<default<<ExecutionGroup<<COMPLETE
FachadaProyectoBancoREST>>TESTNODE_Cubillos>>default>>0>>1625495772932
2871<<Administration Result<<2021-07-05 09:36:18.702 COT<<DESKTOP-V7K6R5U\Cubillos<<deploy<<C:/Users/Cubillos/IBM/IIBT10/workspace/Nueva carpeta/GeneratedBarFiles/FachadaProyectoBancoRESTproject.generated.bar<<BAR<<default<<ExecutionGroup<<COMPLETE
FachadaProyectoBancoWS>>TESTNODE_Cubillos>>default>>0>>1625495782266
2871<<Administration Result<<2021-07-05 09:36:27.177 COT<<DESKTOP-V7K6R5U\Cubillos<<deploy<<C:/Users/Cubillos/IBM/IIBT10/workspace/Nueva carpeta/GeneratedBarFiles/FachadaProyectoBancoWSproject.generated.bar<<BAR<<default<<ExecutionGroup<<COMPLETE
Cliente_GetAll>>TESTNODE_Cubillos>>default>>0>>1625498088677
2871<<Administration Result<<2021-07-05 10:14:49.549 COT<<DESKTOP-V7K6R5U\Cubillos<<deploy<<C:/Users/Cubillos/IBM/IIBT10/workspace/Nueva carpeta/GeneratedBarFiles/Cliente_GetAllproject.generated.bar<<BAR<<default<<ExecutionGroup<<COMPLETE
Cliente_GetAll>>TESTNODE_Cubillos>>default>>0>>1625498199468
2871<<Administration Result<<2021-07-05 10:16:39.935 COT<<DESKTOP-V7K6R5U\Cubillos<<deploy<<C:/Users/Cubillos/IBM/IIBT10/workspace/Nueva carpeta/GeneratedBarFiles/Cliente_GetAllproject.generated.bar<<BAR<<default<<ExecutionGroup<<COMPLETE
Cuenta_GetAllByIdCliente>>TESTNODE_Cubillos>>default>>0>>1625498208312
2871<<Administration Result<<2021-07-05 10:16:49.554 COT<<DESKTOP-V7K6R5U\Cubillos<<deploy<<C:/Users/Cubillos/IBM/IIBT10/workspace/Nueva carpeta/GeneratedBarFiles/Cuenta_GetAllByIdClienteproject.generated.bar<<BAR<<default<<ExecutionGroup<<COMPLETE
FachadaProyectoBancoREST>>TESTNODE_Cubillos>>default>>0>>1625498215464
2871<<Administration Result<<2021-07-05 10:17:00.874 COT<<DESKTOP-V7K6R5U\Cubillos<<deploy<<C:/Users/Cubillos/IBM/IIBT10/workspace/Nueva carpeta/GeneratedBarFiles/FachadaProyectoBancoRESTproject.generated.bar<<BAR<<default<<ExecutionGroup<<COMPLETE
FachadaProyectoBancoWS>>TESTNODE_Cubillos>>default>>0>>1625498223960
2871<<Administration Result<<2021-07-05 10:17:07.807 COT<<DESKTOP-V7K6R5U\Cubillos<<deploy<<C:/Users/Cubillos/IBM/IIBT10/workspace/Nueva carpeta/GeneratedBarFiles/FachadaProyectoBancoWSproject.generated.bar<<BAR<<default<<ExecutionGroup<<COMPLETE
Cliente_GetAll>>TESTNODE_Cubillos>>default>>0>>1625498331941
2871<<Administration Result<<2021-07-05 10:18:52.549 COT<<DESKTOP-V7K6R5U\Cubillos<<deploy<<C:/Users/Cubillos/IBM/IIBT10/workspace/Nueva carpeta/GeneratedBarFiles/Cliente_GetAllproject.generated.bar<<BAR<<default<<ExecutionGroup<<COMPLETE
FachadaProyectoBancoREST>>TESTNODE_Cubillos>>default>>0>>1625498534565
2871<<Administration Result<<2021-07-05 10:22:17.608 COT<<DESKTOP-V7K6R5U\Cubillos<<deploy<<C:/Users/Cubillos/IBM/IIBT10/workspace/Nueva carpeta/GeneratedBarFiles/FachadaProyectoBancoRESTproject.generated.bar<<BAR<<default<<ExecutionGroup<<COMPLETE
Cliente_GetAll>>TESTNODE_Cubillos>>default>>0>>1625504106134
2871<<Administration Result<<2021-07-05 11:55:06.766 COT<<DESKTOP-V7K6R5U\Cubillos<<deploy<<C:/Users/Cubillos/IBM/IIBT10/workspace/Nueva carpeta/GeneratedBarFiles/Cliente_GetAllproject.generated.bar<<BAR<<default<<ExecutionGroup<<COMPLETE
Cuenta_GetAllByIdCliente>>TESTNODE_Cubillos>>default>>0>>1625504112922
2871<<Administration Result<<2021-07-05 11:55:13.700 COT<<DESKTOP-V7K6R5U\Cubillos<<deploy<<C:/Users/Cubillos/IBM/IIBT10/workspace/Nueva carpeta/GeneratedBarFiles/Cuenta_GetAllByIdClienteproject.generated.bar<<BAR<<default<<ExecutionGroup<<COMPLETE
FachadaProyectoBancoREST>>TESTNODE_Cubillos>>default>>0>>1625504118315
2871<<Administration Result<<2021-07-05 11:55:23.232 COT<<DESKTOP-V7K6R5U\Cubillos<<deploy<<C:/Users/Cubillos/IBM/IIBT10/workspace/Nueva carpeta/GeneratedBarFiles/FachadaProyectoBancoRESTproject.generated.bar<<BAR<<default<<ExecutionGroup<<COMPLETE
FachadaProyectoBancoWS>>TESTNODE_Cubillos>>default>>0>>1625504126990
2871<<Administration Result<<2021-07-05 11:55:29.160 COT<<DESKTOP-V7K6R5U\Cubillos<<deploy<<C:/Users/Cubillos/IBM/IIBT10/workspace/Nueva carpeta/GeneratedBarFiles/FachadaProyectoBancoWSproject.generated.bar<<BAR<<default<<ExecutionGroup<<COMPLETE
Cliente_GetAll>>TESTNODE_Cubillos>>default>>0>>1625504152184
2871<<Administration Result<<2021-07-05 11:55:53.471 COT<<DESKTOP-V7K6R5U\Cubillos<<deploy<<C:/Users/Cubillos/IBM/IIBT10/workspace/Nueva carpeta/GeneratedBarFiles/Cliente_GetAllproject.generated.bar<<BAR<<default<<ExecutionGroup<<COMPLETE
Cuenta_GetAllByIdCliente>>TESTNODE_Cubillos>>default>>0>>1625504158066
2871<<Administration Result<<2021-07-05 11:55:59.294 COT<<DESKTOP-V7K6R5U\Cubillos<<deploy<<C:/Users/Cubillos/IBM/IIBT10/workspace/Nueva carpeta/GeneratedBarFiles/Cuenta_GetAllByIdClienteproject.generated.bar<<BAR<<default<<ExecutionGroup<<COMPLETE
FachadaProyectoBancoREST>>TESTNODE_Cubillos>>default>>0>>1625504162564
2871<<Administration Result<<2021-07-05 11:56:03.969 COT<<DESKTOP-V7K6R5U\Cubillos<<deploy<<C:/Users/Cubillos/IBM/IIBT10/workspace/Nueva carpeta/GeneratedBarFiles/FachadaProyectoBancoRESTproject.generated.bar<<BAR<<default<<ExecutionGroup<<COMPLETE
FachadaProyectoBancoWS>>TESTNODE_Cubillos>>default>>0>>1625504166806
2871<<Administration Result<<2021-07-05 11:56:10.573 COT<<DESKTOP-V7K6R5U\Cubillos<<deploy<<C:/Users/Cubillos/IBM/IIBT10/workspace/Nueva carpeta/GeneratedBarFiles/FachadaProyectoBancoWSproject.generated.bar<<BAR<<default<<ExecutionGroup<<COMPLETE
